/home/juan/mavros_ws/src/ros2_px4_stack/install/ros2_px4_stack/lib/python3.10/site-packages/ros2_px4_stack/track_dynus_traj.py
/home/juan/mavros_ws/src/ros2_px4_stack/install/ros2_px4_stack/lib/python3.10/site-packages/ros2_px4_stack/offboard_node.py
/home/juan/mavros_ws/src/ros2_px4_stack/install/ros2_px4_stack/lib/python3.10/site-packages/ros2_px4_stack/track_gen_traj.py
/home/juan/mavros_ws/src/ros2_px4_stack/install/ros2_px4_stack/lib/python3.10/site-packages/ros2_px4_stack/dynus_offboard_node.py
/home/juan/mavros_ws/src/ros2_px4_stack/install/ros2_px4_stack/lib/python3.10/site-packages/ros2_px4_stack/my_transform_broadcaster.py
/home/juan/mavros_ws/src/ros2_px4_stack/install/ros2_px4_stack/lib/python3.10/site-packages/ros2_px4_stack/__init__.py
/home/juan/mavros_ws/src/ros2_px4_stack/install/ros2_px4_stack/lib/python3.10/site-packages/ros2_px4_stack/fix_livox_pose.py
/home/juan/mavros_ws/src/ros2_px4_stack/install/ros2_px4_stack/lib/python3.10/site-packages/ros2_px4_stack/setpoint_offboard_node.py
/home/juan/mavros_ws/src/ros2_px4_stack/install/ros2_px4_stack/lib/python3.10/site-packages/ros2_px4_stack/trajgen_offboard_node.py
/home/juan/mavros_ws/src/ros2_px4_stack/install/ros2_px4_stack/lib/python3.10/site-packages/ros2_px4_stack/drone_vars.py
/home/juan/mavros_ws/src/ros2_px4_stack/install/ros2_px4_stack/lib/python3.10/site-packages/ros2_px4_stack/base_mavros_interface.py
/home/juan/mavros_ws/src/ros2_px4_stack/install/ros2_px4_stack/lib/python3.10/site-packages/ros2_px4_stack/repub_mocap.py
/home/juan/mavros_ws/src/ros2_px4_stack/install/ros2_px4_stack/lib/python3.10/site-packages/ros2_px4_stack/track_square_node.py
/home/juan/mavros_ws/src/ros2_px4_stack/install/ros2_px4_stack/lib/python3.10/site-packages/ros2_px4_stack/__pycache__/track_dynus_traj.cpython-310.pyc
/home/juan/mavros_ws/src/ros2_px4_stack/install/ros2_px4_stack/lib/python3.10/site-packages/ros2_px4_stack/__pycache__/offboard_node.cpython-310.pyc
/home/juan/mavros_ws/src/ros2_px4_stack/install/ros2_px4_stack/lib/python3.10/site-packages/ros2_px4_stack/__pycache__/track_gen_traj.cpython-310.pyc
/home/juan/mavros_ws/src/ros2_px4_stack/install/ros2_px4_stack/lib/python3.10/site-packages/ros2_px4_stack/__pycache__/dynus_offboard_node.cpython-310.pyc
/home/juan/mavros_ws/src/ros2_px4_stack/install/ros2_px4_stack/lib/python3.10/site-packages/ros2_px4_stack/__pycache__/my_transform_broadcaster.cpython-310.pyc
/home/juan/mavros_ws/src/ros2_px4_stack/install/ros2_px4_stack/lib/python3.10/site-packages/ros2_px4_stack/__pycache__/__init__.cpython-310.pyc
/home/juan/mavros_ws/src/ros2_px4_stack/install/ros2_px4_stack/lib/python3.10/site-packages/ros2_px4_stack/__pycache__/fix_livox_pose.cpython-310.pyc
/home/juan/mavros_ws/src/ros2_px4_stack/install/ros2_px4_stack/lib/python3.10/site-packages/ros2_px4_stack/__pycache__/setpoint_offboard_node.cpython-310.pyc
/home/juan/mavros_ws/src/ros2_px4_stack/install/ros2_px4_stack/lib/python3.10/site-packages/ros2_px4_stack/__pycache__/trajgen_offboard_node.cpython-310.pyc
/home/juan/mavros_ws/src/ros2_px4_stack/install/ros2_px4_stack/lib/python3.10/site-packages/ros2_px4_stack/__pycache__/drone_vars.cpython-310.pyc
/home/juan/mavros_ws/src/ros2_px4_stack/install/ros2_px4_stack/lib/python3.10/site-packages/ros2_px4_stack/__pycache__/base_mavros_interface.cpython-310.pyc
/home/juan/mavros_ws/src/ros2_px4_stack/install/ros2_px4_stack/lib/python3.10/site-packages/ros2_px4_stack/__pycache__/repub_mocap.cpython-310.pyc
/home/juan/mavros_ws/src/ros2_px4_stack/install/ros2_px4_stack/lib/python3.10/site-packages/ros2_px4_stack/__pycache__/track_square_node.cpython-310.pyc
/home/juan/mavros_ws/src/ros2_px4_stack/install/ros2_px4_stack/share/ament_index/resource_index/packages/ros2_px4_stack
/home/juan/mavros_ws/src/ros2_px4_stack/install/ros2_px4_stack/share/ros2_px4_stack/package.xml
/home/juan/mavros_ws/src/ros2_px4_stack/install/ros2_px4_stack/share/ros2_px4_stack/launch/mocap_offboard.launch.py
/home/juan/mavros_ws/src/ros2_px4_stack/install/ros2_px4_stack/share/ros2_px4_stack/launch/offboard_square_example.launch.py
/home/juan/mavros_ws/src/ros2_px4_stack/install/ros2_px4_stack/share/ros2_px4_stack/launch/dynus_mavros.launch.py
/home/juan/mavros_ws/src/ros2_px4_stack/install/ros2_px4_stack/share/ros2_px4_stack/launch/offboard_gen_traj.launch.py
/home/juan/mavros_ws/src/ros2_px4_stack/install/ros2_px4_stack/lib/python3.10/site-packages/ros2_px4_stack-0.0.0-py3.10.egg-info/top_level.txt
/home/juan/mavros_ws/src/ros2_px4_stack/install/ros2_px4_stack/lib/python3.10/site-packages/ros2_px4_stack-0.0.0-py3.10.egg-info/requires.txt
/home/juan/mavros_ws/src/ros2_px4_stack/install/ros2_px4_stack/lib/python3.10/site-packages/ros2_px4_stack-0.0.0-py3.10.egg-info/SOURCES.txt
/home/juan/mavros_ws/src/ros2_px4_stack/install/ros2_px4_stack/lib/python3.10/site-packages/ros2_px4_stack-0.0.0-py3.10.egg-info/PKG-INFO
/home/juan/mavros_ws/src/ros2_px4_stack/install/ros2_px4_stack/lib/python3.10/site-packages/ros2_px4_stack-0.0.0-py3.10.egg-info/zip-safe
/home/juan/mavros_ws/src/ros2_px4_stack/install/ros2_px4_stack/lib/python3.10/site-packages/ros2_px4_stack-0.0.0-py3.10.egg-info/entry_points.txt
/home/juan/mavros_ws/src/ros2_px4_stack/install/ros2_px4_stack/lib/python3.10/site-packages/ros2_px4_stack-0.0.0-py3.10.egg-info/dependency_links.txt
/home/juan/mavros_ws/src/ros2_px4_stack/install/ros2_px4_stack/lib/ros2_px4_stack/base_mavros_interface
/home/juan/mavros_ws/src/ros2_px4_stack/install/ros2_px4_stack/lib/ros2_px4_stack/drone_vars
/home/juan/mavros_ws/src/ros2_px4_stack/install/ros2_px4_stack/lib/ros2_px4_stack/dynus_offboard_node
/home/juan/mavros_ws/src/ros2_px4_stack/install/ros2_px4_stack/lib/ros2_px4_stack/fix_livox_pose
/home/juan/mavros_ws/src/ros2_px4_stack/install/ros2_px4_stack/lib/ros2_px4_stack/my_transform_broadcaster
/home/juan/mavros_ws/src/ros2_px4_stack/install/ros2_px4_stack/lib/ros2_px4_stack/offboard_node
/home/juan/mavros_ws/src/ros2_px4_stack/install/ros2_px4_stack/lib/ros2_px4_stack/repub_mocap
/home/juan/mavros_ws/src/ros2_px4_stack/install/ros2_px4_stack/lib/ros2_px4_stack/setpoint_offboard_node
/home/juan/mavros_ws/src/ros2_px4_stack/install/ros2_px4_stack/lib/ros2_px4_stack/track_dynus_traj
/home/juan/mavros_ws/src/ros2_px4_stack/install/ros2_px4_stack/lib/ros2_px4_stack/track_gen_traj
/home/juan/mavros_ws/src/ros2_px4_stack/install/ros2_px4_stack/lib/ros2_px4_stack/track_square_node
/home/juan/mavros_ws/src/ros2_px4_stack/install/ros2_px4_stack/lib/ros2_px4_stack/trajgen_offboard_node
