running egg_info
creating build/ros2_px4_stack/ros2_px4_stack.egg-info
writing build/ros2_px4_stack/ros2_px4_stack.egg-info/PKG-INFO
writing dependency_links to build/ros2_px4_stack/ros2_px4_stack.egg-info/dependency_links.txt
writing entry points to build/ros2_px4_stack/ros2_px4_stack.egg-info/entry_points.txt
writing requirements to build/ros2_px4_stack/ros2_px4_stack.egg-info/requires.txt
writing top-level names to build/ros2_px4_stack/ros2_px4_stack.egg-info/top_level.txt
writing manifest file 'build/ros2_px4_stack/ros2_px4_stack.egg-info/SOURCES.txt'
reading manifest file 'build/ros2_px4_stack/ros2_px4_stack.egg-info/SOURCES.txt'
writing manifest file 'build/ros2_px4_stack/ros2_px4_stack.egg-info/SOURCES.txt'
running build
running build_py
creating /home/juan/mavros_ws/src/ros2_px4_stack/build/ros2_px4_stack/build
creating /home/juan/mavros_ws/src/ros2_px4_stack/build/ros2_px4_stack/build/lib
creating /home/juan/mavros_ws/src/ros2_px4_stack/build/ros2_px4_stack/build/lib/ros2_px4_stack
copying ros2_px4_stack/track_dynus_traj.py -> /home/juan/mavros_ws/src/ros2_px4_stack/build/ros2_px4_stack/build/lib/ros2_px4_stack
copying ros2_px4_stack/offboard_node.py -> /home/juan/mavros_ws/src/ros2_px4_stack/build/ros2_px4_stack/build/lib/ros2_px4_stack
copying ros2_px4_stack/track_gen_traj.py -> /home/juan/mavros_ws/src/ros2_px4_stack/build/ros2_px4_stack/build/lib/ros2_px4_stack
copying ros2_px4_stack/dynus_offboard_node.py -> /home/juan/mavros_ws/src/ros2_px4_stack/build/ros2_px4_stack/build/lib/ros2_px4_stack
copying ros2_px4_stack/my_transform_broadcaster.py -> /home/juan/mavros_ws/src/ros2_px4_stack/build/ros2_px4_stack/build/lib/ros2_px4_stack
copying ros2_px4_stack/__init__.py -> /home/juan/mavros_ws/src/ros2_px4_stack/build/ros2_px4_stack/build/lib/ros2_px4_stack
copying ros2_px4_stack/fix_livox_pose.py -> /home/juan/mavros_ws/src/ros2_px4_stack/build/ros2_px4_stack/build/lib/ros2_px4_stack
copying ros2_px4_stack/setpoint_offboard_node.py -> /home/juan/mavros_ws/src/ros2_px4_stack/build/ros2_px4_stack/build/lib/ros2_px4_stack
copying ros2_px4_stack/trajgen_offboard_node.py -> /home/juan/mavros_ws/src/ros2_px4_stack/build/ros2_px4_stack/build/lib/ros2_px4_stack
copying ros2_px4_stack/drone_vars.py -> /home/juan/mavros_ws/src/ros2_px4_stack/build/ros2_px4_stack/build/lib/ros2_px4_stack
copying ros2_px4_stack/base_mavros_interface.py -> /home/juan/mavros_ws/src/ros2_px4_stack/build/ros2_px4_stack/build/lib/ros2_px4_stack
copying ros2_px4_stack/repub_mocap.py -> /home/juan/mavros_ws/src/ros2_px4_stack/build/ros2_px4_stack/build/lib/ros2_px4_stack
copying ros2_px4_stack/track_square_node.py -> /home/juan/mavros_ws/src/ros2_px4_stack/build/ros2_px4_stack/build/lib/ros2_px4_stack
running install
running install_lib
creating /home/juan/mavros_ws/src/ros2_px4_stack/install/ros2_px4_stack/lib/python3.10/site-packages/ros2_px4_stack
copying /home/juan/mavros_ws/src/ros2_px4_stack/build/ros2_px4_stack/build/lib/ros2_px4_stack/track_dynus_traj.py -> /home/juan/mavros_ws/src/ros2_px4_stack/install/ros2_px4_stack/lib/python3.10/site-packages/ros2_px4_stack
copying /home/juan/mavros_ws/src/ros2_px4_stack/build/ros2_px4_stack/build/lib/ros2_px4_stack/offboard_node.py -> /home/juan/mavros_ws/src/ros2_px4_stack/install/ros2_px4_stack/lib/python3.10/site-packages/ros2_px4_stack
copying /home/juan/mavros_ws/src/ros2_px4_stack/build/ros2_px4_stack/build/lib/ros2_px4_stack/track_gen_traj.py -> /home/juan/mavros_ws/src/ros2_px4_stack/install/ros2_px4_stack/lib/python3.10/site-packages/ros2_px4_stack
copying /home/juan/mavros_ws/src/ros2_px4_stack/build/ros2_px4_stack/build/lib/ros2_px4_stack/dynus_offboard_node.py -> /home/juan/mavros_ws/src/ros2_px4_stack/install/ros2_px4_stack/lib/python3.10/site-packages/ros2_px4_stack
copying /home/juan/mavros_ws/src/ros2_px4_stack/build/ros2_px4_stack/build/lib/ros2_px4_stack/my_transform_broadcaster.py -> /home/juan/mavros_ws/src/ros2_px4_stack/install/ros2_px4_stack/lib/python3.10/site-packages/ros2_px4_stack
copying /home/juan/mavros_ws/src/ros2_px4_stack/build/ros2_px4_stack/build/lib/ros2_px4_stack/__init__.py -> /home/juan/mavros_ws/src/ros2_px4_stack/install/ros2_px4_stack/lib/python3.10/site-packages/ros2_px4_stack
copying /home/juan/mavros_ws/src/ros2_px4_stack/build/ros2_px4_stack/build/lib/ros2_px4_stack/fix_livox_pose.py -> /home/juan/mavros_ws/src/ros2_px4_stack/install/ros2_px4_stack/lib/python3.10/site-packages/ros2_px4_stack
copying /home/juan/mavros_ws/src/ros2_px4_stack/build/ros2_px4_stack/build/lib/ros2_px4_stack/setpoint_offboard_node.py -> /home/juan/mavros_ws/src/ros2_px4_stack/install/ros2_px4_stack/lib/python3.10/site-packages/ros2_px4_stack
copying /home/juan/mavros_ws/src/ros2_px4_stack/build/ros2_px4_stack/build/lib/ros2_px4_stack/trajgen_offboard_node.py -> /home/juan/mavros_ws/src/ros2_px4_stack/install/ros2_px4_stack/lib/python3.10/site-packages/ros2_px4_stack
copying /home/juan/mavros_ws/src/ros2_px4_stack/build/ros2_px4_stack/build/lib/ros2_px4_stack/drone_vars.py -> /home/juan/mavros_ws/src/ros2_px4_stack/install/ros2_px4_stack/lib/python3.10/site-packages/ros2_px4_stack
copying /home/juan/mavros_ws/src/ros2_px4_stack/build/ros2_px4_stack/build/lib/ros2_px4_stack/base_mavros_interface.py -> /home/juan/mavros_ws/src/ros2_px4_stack/install/ros2_px4_stack/lib/python3.10/site-packages/ros2_px4_stack
copying /home/juan/mavros_ws/src/ros2_px4_stack/build/ros2_px4_stack/build/lib/ros2_px4_stack/repub_mocap.py -> /home/juan/mavros_ws/src/ros2_px4_stack/install/ros2_px4_stack/lib/python3.10/site-packages/ros2_px4_stack
copying /home/juan/mavros_ws/src/ros2_px4_stack/build/ros2_px4_stack/build/lib/ros2_px4_stack/track_square_node.py -> /home/juan/mavros_ws/src/ros2_px4_stack/install/ros2_px4_stack/lib/python3.10/site-packages/ros2_px4_stack
byte-compiling /home/juan/mavros_ws/src/ros2_px4_stack/install/ros2_px4_stack/lib/python3.10/site-packages/ros2_px4_stack/track_dynus_traj.py to track_dynus_traj.cpython-310.pyc
byte-compiling /home/juan/mavros_ws/src/ros2_px4_stack/install/ros2_px4_stack/lib/python3.10/site-packages/ros2_px4_stack/offboard_node.py to offboard_node.cpython-310.pyc
byte-compiling /home/juan/mavros_ws/src/ros2_px4_stack/install/ros2_px4_stack/lib/python3.10/site-packages/ros2_px4_stack/track_gen_traj.py to track_gen_traj.cpython-310.pyc
byte-compiling /home/juan/mavros_ws/src/ros2_px4_stack/install/ros2_px4_stack/lib/python3.10/site-packages/ros2_px4_stack/dynus_offboard_node.py to dynus_offboard_node.cpython-310.pyc
byte-compiling /home/juan/mavros_ws/src/ros2_px4_stack/install/ros2_px4_stack/lib/python3.10/site-packages/ros2_px4_stack/my_transform_broadcaster.py to my_transform_broadcaster.cpython-310.pyc
byte-compiling /home/juan/mavros_ws/src/ros2_px4_stack/install/ros2_px4_stack/lib/python3.10/site-packages/ros2_px4_stack/__init__.py to __init__.cpython-310.pyc
byte-compiling /home/juan/mavros_ws/src/ros2_px4_stack/install/ros2_px4_stack/lib/python3.10/site-packages/ros2_px4_stack/fix_livox_pose.py to fix_livox_pose.cpython-310.pyc
byte-compiling /home/juan/mavros_ws/src/ros2_px4_stack/install/ros2_px4_stack/lib/python3.10/site-packages/ros2_px4_stack/setpoint_offboard_node.py to setpoint_offboard_node.cpython-310.pyc
byte-compiling /home/juan/mavros_ws/src/ros2_px4_stack/install/ros2_px4_stack/lib/python3.10/site-packages/ros2_px4_stack/trajgen_offboard_node.py to trajgen_offboard_node.cpython-310.pyc
byte-compiling /home/juan/mavros_ws/src/ros2_px4_stack/install/ros2_px4_stack/lib/python3.10/site-packages/ros2_px4_stack/drone_vars.py to drone_vars.cpython-310.pyc
byte-compiling /home/juan/mavros_ws/src/ros2_px4_stack/install/ros2_px4_stack/lib/python3.10/site-packages/ros2_px4_stack/base_mavros_interface.py to base_mavros_interface.cpython-310.pyc
byte-compiling /home/juan/mavros_ws/src/ros2_px4_stack/install/ros2_px4_stack/lib/python3.10/site-packages/ros2_px4_stack/repub_mocap.py to repub_mocap.cpython-310.pyc
byte-compiling /home/juan/mavros_ws/src/ros2_px4_stack/install/ros2_px4_stack/lib/python3.10/site-packages/ros2_px4_stack/track_square_node.py to track_square_node.cpython-310.pyc
running install_data
creating /home/juan/mavros_ws/src/ros2_px4_stack/install/ros2_px4_stack/share/ament_index
creating /home/juan/mavros_ws/src/ros2_px4_stack/install/ros2_px4_stack/share/ament_index/resource_index
creating /home/juan/mavros_ws/src/ros2_px4_stack/install/ros2_px4_stack/share/ament_index/resource_index/packages
copying resource/ros2_px4_stack -> /home/juan/mavros_ws/src/ros2_px4_stack/install/ros2_px4_stack/share/ament_index/resource_index/packages
copying package.xml -> /home/juan/mavros_ws/src/ros2_px4_stack/install/ros2_px4_stack/share/ros2_px4_stack
creating /home/juan/mavros_ws/src/ros2_px4_stack/install/ros2_px4_stack/share/ros2_px4_stack/launch
copying launch/mocap_offboard.launch.py -> /home/juan/mavros_ws/src/ros2_px4_stack/install/ros2_px4_stack/share/ros2_px4_stack/launch
copying launch/offboard_square_example.launch.py -> /home/juan/mavros_ws/src/ros2_px4_stack/install/ros2_px4_stack/share/ros2_px4_stack/launch
copying launch/dynus_mavros.launch.py -> /home/juan/mavros_ws/src/ros2_px4_stack/install/ros2_px4_stack/share/ros2_px4_stack/launch
copying launch/offboard_gen_traj.launch.py -> /home/juan/mavros_ws/src/ros2_px4_stack/install/ros2_px4_stack/share/ros2_px4_stack/launch
running install_egg_info
Copying build/ros2_px4_stack/ros2_px4_stack.egg-info to /home/juan/mavros_ws/src/ros2_px4_stack/install/ros2_px4_stack/lib/python3.10/site-packages/ros2_px4_stack-0.0.0-py3.10.egg-info
running install_scripts
Installing base_mavros_interface script to /home/juan/mavros_ws/src/ros2_px4_stack/install/ros2_px4_stack/lib/ros2_px4_stack
Installing drone_vars script to /home/juan/mavros_ws/src/ros2_px4_stack/install/ros2_px4_stack/lib/ros2_px4_stack
Installing dynus_offboard_node script to /home/juan/mavros_ws/src/ros2_px4_stack/install/ros2_px4_stack/lib/ros2_px4_stack
Installing fix_livox_pose script to /home/juan/mavros_ws/src/ros2_px4_stack/install/ros2_px4_stack/lib/ros2_px4_stack
Installing my_transform_broadcaster script to /home/juan/mavros_ws/src/ros2_px4_stack/install/ros2_px4_stack/lib/ros2_px4_stack
Installing offboard_node script to /home/juan/mavros_ws/src/ros2_px4_stack/install/ros2_px4_stack/lib/ros2_px4_stack
Installing repub_mocap script to /home/juan/mavros_ws/src/ros2_px4_stack/install/ros2_px4_stack/lib/ros2_px4_stack
Installing setpoint_offboard_node script to /home/juan/mavros_ws/src/ros2_px4_stack/install/ros2_px4_stack/lib/ros2_px4_stack
Installing track_dynus_traj script to /home/juan/mavros_ws/src/ros2_px4_stack/install/ros2_px4_stack/lib/ros2_px4_stack
Installing track_gen_traj script to /home/juan/mavros_ws/src/ros2_px4_stack/install/ros2_px4_stack/lib/ros2_px4_stack
Installing track_square_node script to /home/juan/mavros_ws/src/ros2_px4_stack/install/ros2_px4_stack/lib/ros2_px4_stack
Installing trajgen_offboard_node script to /home/juan/mavros_ws/src/ros2_px4_stack/install/ros2_px4_stack/lib/ros2_px4_stack
writing list of installed files to '/home/juan/mavros_ws/src/ros2_px4_stack/build/ros2_px4_stack/install.log'
