[0.089s] DEBUG:colcon:Command line arguments: ['/usr/bin/colcon', 'build', '--packages-select', 'ros2_px4_stack']
[0.090s] DEBUG:colcon:Parsed command line arguments: Namespace(log_base=None, log_level=None, verb_name='build', build_base='build', install_base='install', merge_install=False, symlink_install=False, test_result_base=None, continue_on_error=False, executor='parallel', parallel_workers=8, event_handlers=None, ignore_user_meta=False, metas=['./colcon.meta'], base_paths=['.'], packages_ignore=None, packages_ignore_regex=None, paths=None, packages_up_to=None, packages_up_to_regex=None, packages_above=None, packages_above_and_dependencies=None, packages_above_depth=None, packages_select_by_dep=None, packages_skip_by_dep=None, packages_skip_up_to=None, packages_select_build_failed=False, packages_skip_build_finished=False, packages_select_test_failures=False, packages_skip_test_passed=False, packages_select=['ros2_px4_stack'], packages_skip=None, packages_select_regex=None, packages_skip_regex=None, packages_start=None, packages_end=None, allow_overriding=[], cmake_args=None, cmake_target=None, cmake_target_skip_unavailable=False, cmake_clean_cache=False, cmake_clean_first=False, cmake_force_configure=False, ament_cmake_args=None, catkin_cmake_args=None, catkin_skip_building_tests=False, mixin_files=None, mixin=None, verb_parser=<colcon_mixin.mixin.mixin_argument.MixinArgumentDecorator object at 0x7eac68f74040>, verb_extension=<colcon_core.verb.build.BuildVerb object at 0x7eac69080790>, main=<bound method BuildVerb.main of <colcon_core.verb.build.BuildVerb object at 0x7eac69080790>>, mixin_verb=('build',))
[0.230s] Level 1:colcon.colcon_core.package_discovery:discover_packages(colcon_meta) check parameters
[0.230s] Level 1:colcon.colcon_core.package_discovery:discover_packages(recursive) check parameters
[0.230s] Level 1:colcon.colcon_core.package_discovery:discover_packages(ignore) check parameters
[0.230s] Level 1:colcon.colcon_core.package_discovery:discover_packages(path) check parameters
[0.230s] Level 1:colcon.colcon_core.package_discovery:discover_packages(colcon_meta) discover
[0.230s] Level 1:colcon.colcon_core.package_discovery:discover_packages(recursive) discover
[0.230s] INFO:colcon.colcon_core.package_discovery:Crawling recursively for packages in '/home/juan/mavros_ws/src/ros2_px4_stack'
[0.230s] Level 1:colcon.colcon_core.package_identification:_identify(.) by extensions ['ignore', 'ignore_ament_install']
[0.230s] Level 1:colcon.colcon_core.package_identification:_identify(.) by extension 'ignore'
[0.230s] Level 1:colcon.colcon_core.package_identification:_identify(.) by extension 'ignore_ament_install'
[0.230s] Level 1:colcon.colcon_core.package_identification:_identify(.) by extensions ['colcon_pkg']
[0.230s] Level 1:colcon.colcon_core.package_identification:_identify(.) by extension 'colcon_pkg'
[0.230s] Level 1:colcon.colcon_core.package_identification:_identify(.) by extensions ['colcon_meta']
[0.230s] Level 1:colcon.colcon_core.package_identification:_identify(.) by extension 'colcon_meta'
[0.231s] Level 1:colcon.colcon_core.package_identification:_identify(.) by extensions ['ros']
[0.231s] Level 1:colcon.colcon_core.package_identification:_identify(.) by extension 'ros'
[0.241s] DEBUG:colcon.colcon_core.package_identification:Package '.' with type 'ros.ament_python' and name 'ros2_px4_stack'
[0.241s] Level 1:colcon.colcon_core.package_discovery:discover_packages(recursive) using defaults
[0.241s] Level 1:colcon.colcon_core.package_discovery:discover_packages(ignore) discover
[0.241s] Level 1:colcon.colcon_core.package_discovery:discover_packages(ignore) using defaults
[0.241s] Level 1:colcon.colcon_core.package_discovery:discover_packages(path) discover
[0.241s] Level 1:colcon.colcon_core.package_discovery:discover_packages(path) using defaults
[0.256s] Level 1:colcon.colcon_core.package_discovery:discover_packages(prefix_path) check parameters
[0.256s] Level 1:colcon.colcon_core.package_discovery:discover_packages(prefix_path) discover
[0.258s] DEBUG:colcon.colcon_installed_package_information.package_discovery:Found 5 installed packages in /home/juan/mavros_ws/install
[0.259s] DEBUG:colcon.colcon_installed_package_information.package_discovery:Found 11 installed packages in /home/juan/acl/planners/dynus_ws/install
[0.266s] DEBUG:colcon.colcon_installed_package_information.package_discovery:Found 3 installed packages in /home/juan/acl/planners/dynus_ws/src/DecompROS2/install
[0.267s] DEBUG:colcon.colcon_installed_package_information.package_discovery:Found 308 installed packages in /opt/ros/humble
[0.268s] Level 1:colcon.colcon_core.package_discovery:discover_packages(prefix_path) using defaults
[0.301s] Level 5:colcon.colcon_core.verb:set package 'ros2_px4_stack' build argument 'cmake_args' from command line to 'None'
[0.301s] Level 5:colcon.colcon_core.verb:set package 'ros2_px4_stack' build argument 'cmake_target' from command line to 'None'
[0.301s] Level 5:colcon.colcon_core.verb:set package 'ros2_px4_stack' build argument 'cmake_target_skip_unavailable' from command line to 'False'
[0.301s] Level 5:colcon.colcon_core.verb:set package 'ros2_px4_stack' build argument 'cmake_clean_cache' from command line to 'False'
[0.301s] Level 5:colcon.colcon_core.verb:set package 'ros2_px4_stack' build argument 'cmake_clean_first' from command line to 'False'
[0.301s] Level 5:colcon.colcon_core.verb:set package 'ros2_px4_stack' build argument 'cmake_force_configure' from command line to 'False'
[0.301s] Level 5:colcon.colcon_core.verb:set package 'ros2_px4_stack' build argument 'ament_cmake_args' from command line to 'None'
[0.301s] Level 5:colcon.colcon_core.verb:set package 'ros2_px4_stack' build argument 'catkin_cmake_args' from command line to 'None'
[0.301s] Level 5:colcon.colcon_core.verb:set package 'ros2_px4_stack' build argument 'catkin_skip_building_tests' from command line to 'False'
[0.301s] DEBUG:colcon.colcon_core.verb:Building package 'ros2_px4_stack' with the following arguments: {'ament_cmake_args': None, 'build_base': '/home/juan/mavros_ws/src/ros2_px4_stack/build/ros2_px4_stack', 'catkin_cmake_args': None, 'catkin_skip_building_tests': False, 'cmake_args': None, 'cmake_clean_cache': False, 'cmake_clean_first': False, 'cmake_force_configure': False, 'cmake_target': None, 'cmake_target_skip_unavailable': False, 'install_base': '/home/juan/mavros_ws/src/ros2_px4_stack/install/ros2_px4_stack', 'merge_install': False, 'path': '/home/juan/mavros_ws/src/ros2_px4_stack', 'symlink_install': False, 'test_result_base': None}
[0.301s] INFO:colcon.colcon_core.executor:Executing jobs using 'parallel' executor
[0.302s] DEBUG:colcon.colcon_parallel_executor.executor.parallel:run_until_complete
[0.302s] INFO:colcon.colcon_ros.task.ament_python.build:Building ROS package in '/home/juan/mavros_ws/src/ros2_px4_stack' with build type 'ament_python'
[0.302s] Level 1:colcon.colcon_core.shell:create_environment_hook('ros2_px4_stack', 'ament_prefix_path')
[0.304s] INFO:colcon.colcon_core.plugin_system:Skipping extension 'colcon_core.shell.bat': Not used on non-Windows systems
[0.304s] INFO:colcon.colcon_core.shell:Creating environment hook '/home/juan/mavros_ws/src/ros2_px4_stack/install/ros2_px4_stack/share/ros2_px4_stack/hook/ament_prefix_path.ps1'
[0.304s] INFO:colcon.colcon_core.shell:Creating environment descriptor '/home/juan/mavros_ws/src/ros2_px4_stack/install/ros2_px4_stack/share/ros2_px4_stack/hook/ament_prefix_path.dsv'
[0.305s] INFO:colcon.colcon_core.shell:Creating environment hook '/home/juan/mavros_ws/src/ros2_px4_stack/install/ros2_px4_stack/share/ros2_px4_stack/hook/ament_prefix_path.sh'
[0.305s] INFO:colcon.colcon_core.shell:Skip shell extension 'powershell' for command environment: Not usable outside of PowerShell
[0.305s] DEBUG:colcon.colcon_core.shell:Skip shell extension 'dsv' for command environment
[0.522s] INFO:colcon.colcon_core.task.python.build:Building Python package in '/home/juan/mavros_ws/src/ros2_px4_stack'
[0.522s] INFO:colcon.colcon_core.shell:Skip shell extension 'powershell' for command environment: Not usable outside of PowerShell
[0.522s] DEBUG:colcon.colcon_core.shell:Skip shell extension 'dsv' for command environment
[0.787s] DEBUG:colcon.colcon_core.event_handler.log_command:Invoking command in '/home/juan/mavros_ws/src/ros2_px4_stack': PYTHONPATH=/home/juan/mavros_ws/src/ros2_px4_stack/build/ros2_px4_stack/prefix_override:/usr/lib/python3/dist-packages/colcon_core/task/python/colcon_distutils_commands:/home/juan/mavros_ws/src/ros2_px4_stack/install/ros2_px4_stack/lib/python3.10/site-packages:${PYTHONPATH} /usr/bin/python3 -W ignore:setup.py install is deprecated setup.py egg_info --egg-base build/ros2_px4_stack build --build-base /home/juan/mavros_ws/src/ros2_px4_stack/build/ros2_px4_stack/build install --record /home/juan/mavros_ws/src/ros2_px4_stack/build/ros2_px4_stack/install.log --single-version-externally-managed install_data
[1.038s] DEBUG:colcon.colcon_core.event_handler.log_command:Invoked command in '/home/juan/mavros_ws/src/ros2_px4_stack' returned '0': PYTHONPATH=/home/juan/mavros_ws/src/ros2_px4_stack/build/ros2_px4_stack/prefix_override:/usr/lib/python3/dist-packages/colcon_core/task/python/colcon_distutils_commands:/home/juan/mavros_ws/src/ros2_px4_stack/install/ros2_px4_stack/lib/python3.10/site-packages:${PYTHONPATH} /usr/bin/python3 -W ignore:setup.py install is deprecated setup.py egg_info --egg-base build/ros2_px4_stack build --build-base /home/juan/mavros_ws/src/ros2_px4_stack/build/ros2_px4_stack/build install --record /home/juan/mavros_ws/src/ros2_px4_stack/build/ros2_px4_stack/install.log --single-version-externally-managed install_data
[1.040s] Level 1:colcon.colcon_core.environment:checking '/home/juan/mavros_ws/src/ros2_px4_stack/install/ros2_px4_stack' for CMake module files
[1.040s] Level 1:colcon.colcon_core.environment:checking '/home/juan/mavros_ws/src/ros2_px4_stack/install/ros2_px4_stack' for CMake config files
[1.040s] Level 1:colcon.colcon_core.environment:checking '/home/juan/mavros_ws/src/ros2_px4_stack/install/ros2_px4_stack/lib'
[1.041s] Level 1:colcon.colcon_core.environment:checking '/home/juan/mavros_ws/src/ros2_px4_stack/install/ros2_px4_stack/bin'
[1.041s] Level 1:colcon.colcon_core.environment:checking '/home/juan/mavros_ws/src/ros2_px4_stack/install/ros2_px4_stack/lib/pkgconfig/ros2_px4_stack.pc'
[1.041s] Level 1:colcon.colcon_core.environment:checking '/home/juan/mavros_ws/src/ros2_px4_stack/install/ros2_px4_stack/lib/python3.10/site-packages'
[1.041s] Level 1:colcon.colcon_core.shell:create_environment_hook('ros2_px4_stack', 'pythonpath')
[1.041s] INFO:colcon.colcon_core.shell:Creating environment hook '/home/juan/mavros_ws/src/ros2_px4_stack/install/ros2_px4_stack/share/ros2_px4_stack/hook/pythonpath.ps1'
[1.041s] INFO:colcon.colcon_core.shell:Creating environment descriptor '/home/juan/mavros_ws/src/ros2_px4_stack/install/ros2_px4_stack/share/ros2_px4_stack/hook/pythonpath.dsv'
[1.042s] INFO:colcon.colcon_core.shell:Creating environment hook '/home/juan/mavros_ws/src/ros2_px4_stack/install/ros2_px4_stack/share/ros2_px4_stack/hook/pythonpath.sh'
[1.042s] Level 1:colcon.colcon_core.environment:checking '/home/juan/mavros_ws/src/ros2_px4_stack/install/ros2_px4_stack/bin'
[1.042s] Level 1:colcon.colcon_core.environment:create_environment_scripts_only(ros2_px4_stack)
[1.042s] INFO:colcon.colcon_core.shell:Creating package script '/home/juan/mavros_ws/src/ros2_px4_stack/install/ros2_px4_stack/share/ros2_px4_stack/package.ps1'
[1.043s] INFO:colcon.colcon_core.shell:Creating package descriptor '/home/juan/mavros_ws/src/ros2_px4_stack/install/ros2_px4_stack/share/ros2_px4_stack/package.dsv'
[1.043s] INFO:colcon.colcon_core.shell:Creating package script '/home/juan/mavros_ws/src/ros2_px4_stack/install/ros2_px4_stack/share/ros2_px4_stack/package.sh'
[1.044s] INFO:colcon.colcon_core.shell:Creating package script '/home/juan/mavros_ws/src/ros2_px4_stack/install/ros2_px4_stack/share/ros2_px4_stack/package.bash'
[1.044s] INFO:colcon.colcon_core.shell:Creating package script '/home/juan/mavros_ws/src/ros2_px4_stack/install/ros2_px4_stack/share/ros2_px4_stack/package.zsh'
[1.044s] Level 1:colcon.colcon_core.environment:create_file_with_runtime_dependencies(/home/juan/mavros_ws/src/ros2_px4_stack/install/ros2_px4_stack/share/colcon-core/packages/ros2_px4_stack)
[1.045s] DEBUG:colcon.colcon_parallel_executor.executor.parallel:closing loop
[1.045s] DEBUG:colcon.colcon_parallel_executor.executor.parallel:loop closed
[1.045s] DEBUG:colcon.colcon_parallel_executor.executor.parallel:run_until_complete finished with '0'
[1.045s] DEBUG:colcon.colcon_core.event_reactor:joining thread
[1.049s] INFO:colcon.colcon_core.plugin_system:Skipping extension 'colcon_notification.desktop_notification.terminal_notifier': Not used on non-Darwin systems
[1.049s] INFO:colcon.colcon_core.plugin_system:Skipping extension 'colcon_notification.desktop_notification.win32': Not used on non-Windows systems
[1.049s] INFO:colcon.colcon_notification.desktop_notification:Sending desktop notification using 'notify2'
[1.057s] DEBUG:colcon.colcon_core.event_reactor:joined thread
[1.058s] INFO:colcon.colcon_core.shell:Creating prefix script '/home/juan/mavros_ws/src/ros2_px4_stack/install/local_setup.ps1'
[1.058s] INFO:colcon.colcon_core.shell:Creating prefix util module '/home/juan/mavros_ws/src/ros2_px4_stack/install/_local_setup_util_ps1.py'
[1.059s] INFO:colcon.colcon_core.shell:Creating prefix chain script '/home/juan/mavros_ws/src/ros2_px4_stack/install/setup.ps1'
[1.060s] INFO:colcon.colcon_core.shell:Creating prefix script '/home/juan/mavros_ws/src/ros2_px4_stack/install/local_setup.sh'
[1.061s] INFO:colcon.colcon_core.shell:Creating prefix util module '/home/juan/mavros_ws/src/ros2_px4_stack/install/_local_setup_util_sh.py'
[1.061s] INFO:colcon.colcon_core.shell:Creating prefix chain script '/home/juan/mavros_ws/src/ros2_px4_stack/install/setup.sh'
[1.062s] INFO:colcon.colcon_core.shell:Creating prefix script '/home/juan/mavros_ws/src/ros2_px4_stack/install/local_setup.bash'
[1.062s] INFO:colcon.colcon_core.shell:Creating prefix chain script '/home/juan/mavros_ws/src/ros2_px4_stack/install/setup.bash'
[1.064s] INFO:colcon.colcon_core.shell:Creating prefix script '/home/juan/mavros_ws/src/ros2_px4_stack/install/local_setup.zsh'
[1.064s] INFO:colcon.colcon_core.shell:Creating prefix chain script '/home/juan/mavros_ws/src/ros2_px4_stack/install/setup.zsh'
